0 info it worked if it ends with ok
1 verbose cli [ 'C:\\Program Files\\nodejs\\node.exe',
1 verbose cli   'C:\\Program Files\\nodejs\\node_modules\\npm\\bin\\npm-cli.js',
1 verbose cli   'run',
1 verbose cli   'build' ]
2 info using npm@3.10.10
3 info using node@v6.11.4
4 verbose run-script [ 'prebuild', 'build', 'postbuild' ]
5 info lifecycle building-viewer@1.0.0~prebuild: building-viewer@1.0.0
6 silly lifecycle building-viewer@1.0.0~prebuild: no script for prebuild, continuing
7 info lifecycle building-viewer@1.0.0~build: building-viewer@1.0.0
8 verbose lifecycle building-viewer@1.0.0~build: unsafe-perm in lifecycle true
9 verbose lifecycle building-viewer@1.0.0~build: PATH: C:\Program Files\nodejs\node_modules\npm\bin\node-gyp-bin;C:\Users\Public\Projects\GitHub\oertac.github.io\building-viewer\node_modules\.bin;C:\Program Files (x86)\ArcGISMaps\Office;C:\Program Files (x86)\Common Files\Oracle\Java\javapath;C:\Program Files (x86)\Intel\iCLS Client\;C:\Program Files\Intel\iCLS Client\;C:\WINDOWS\system32;C:\WINDOWS;C:\WINDOWS\System32\Wbem;C:\WINDOWS\System32\WindowsPowerShell\v1.0\;C:\Program Files (x86)\WebEx\Productivity Tools;C:\Program Files (x86)\GtkSharp\2.12\bin;C:\Program Files (x86)\WebEx\PTools020000000;C:\Program Files (x86)\Intel\Intel(R) Management Engine Components\DAL;C:\Program Files\Intel\Intel(R) Management Engine Components\DAL;C:\Program Files (x86)\Intel\Intel(R) Management Engine Components\IPT;C:\Program Files\Intel\Intel(R) Management Engine Components\IPT;C:\Program Files\nodejs\;C:\Program Files (x86)\Windows Kits\10\Windows Performance Toolkit\;C:\Program Files\Microsoft SQL Server\120\Tools\Binn\;C:\Program Files\Common Files\Autodesk Shared\;C:\Program Files (x86)\FME-18520\;C:\Program Files\Microsoft;C:\Program Files\Microsoft VS Code\bin;C:\Program Files (x86)\FME-19238\;C:\Program Files\dotnet\;C:\Program Files\Microsoft SQL Server\130\Tools\Binn\;C:\Program Files (x86)\Plantronics\Spokes3G\;C:\Program Files\FME-19813\;C:\Program Files\Intel\WiFi\bin\;C:\Program Files\Common Files\Intel\WirelessCommon\;C:\WINDOWS\System32\OpenSSH\;C:\Users\oeze\AppData\Local\Microsoft\WindowsApps;C:\Users\oeze\AppData\Local\atom\bin;C:\Users\oeze\AppData\Roaming\npm;%USERPROFILE%\AppData\Local\Microsoft\WindowsApps;
10 verbose lifecycle building-viewer@1.0.0~build: CWD: C:\Users\Public\Projects\GitHub\oertac.github.io\building-viewer
11 silly lifecycle building-viewer@1.0.0~build: Args: [ '/d /s /c', 'tsc & sass src:src' ]
12 silly lifecycle building-viewer@1.0.0~build: Returned: code: 1  signal: null
13 info lifecycle building-viewer@1.0.0~build: Failed to exec build script
14 verbose stack Error: building-viewer@1.0.0 build: `tsc & sass src:src`
14 verbose stack Exit status 1
14 verbose stack     at EventEmitter.<anonymous> (C:\Program Files\nodejs\node_modules\npm\lib\utils\lifecycle.js:255:16)
14 verbose stack     at emitTwo (events.js:106:13)
14 verbose stack     at EventEmitter.emit (events.js:191:7)
14 verbose stack     at ChildProcess.<anonymous> (C:\Program Files\nodejs\node_modules\npm\lib\utils\spawn.js:40:14)
14 verbose stack     at emitTwo (events.js:106:13)
14 verbose stack     at ChildProcess.emit (events.js:191:7)
14 verbose stack     at maybeClose (internal/child_process.js:920:16)
14 verbose stack     at Process.ChildProcess._handle.onexit (internal/child_process.js:230:5)
15 verbose pkgid building-viewer@1.0.0
16 verbose cwd C:\Users\Public\Projects\GitHub\oertac.github.io\building-viewer
17 error Windows_NT 10.0.18363
18 error argv "C:\\Program Files\\nodejs\\node.exe" "C:\\Program Files\\nodejs\\node_modules\\npm\\bin\\npm-cli.js" "run" "build"
19 error node v6.11.4
20 error npm  v3.10.10
21 error code ELIFECYCLE
22 error building-viewer@1.0.0 build: `tsc & sass src:src`
22 error Exit status 1
23 error Failed at the building-viewer@1.0.0 build script 'tsc & sass src:src'.
23 error Make sure you have the latest version of node.js and npm installed.
23 error If you do, this is most likely a problem with the building-viewer package,
23 error not with npm itself.
23 error Tell the author that this fails on your system:
23 error     tsc & sass src:src
23 error You can get information on how to open an issue for this project with:
23 error     npm bugs building-viewer
23 error Or if that isn't available, you can get their info via:
23 error     npm owner ls building-viewer
23 error There is likely additional logging output above.
24 verbose exit [ 1, true ]
